<?xml version="1.0" encoding="UTF-8"?>
<!-- Generated by org.testng.reporters.JUnitReportReporter -->
<testsuite skipped="0" hostname="QKNBK299" name="com.qaprosoft.carina.demo.API_CreateUserCucumberTest" tests="1" failures="0" timestamp="21 Jan 2020 13:11:26 GMT" time="32.438" errors="0">
  <testcase name="feature" time="32.438" classname="com.qaprosoft.carina.demo.API_CreateUserCucumberTest"/>
</testsuite> <!-- com.qaprosoft.carina.demo.API_CreateUserCucumberTest -->
